Map_Trial_ert_rtw/Map_Trial/build/intermediates/manifest_merge_blame_file/debug/manifest-merger-blame-debug-report.txt
1<?xml version="1.0" encoding="utf-8"?>
2<manifest xmlns:android="http://schemas.android.com/apk/res/android"
3    package="com.example.Map_Trial"
4    android:versionCode="1"
5    android:versionName="1.0" >
6
7    <uses-sdk
8        android:minSdkVersion="17"
8-->src\main\AndroidManifest.xml
9        android:targetSdkVersion="28" />
9-->src\main\AndroidManifest.xml
10
11    <uses-permission android:name="android.permission.ACCESS_WIFI_STATE" />
11-->src\main\AndroidManifest.xml:10:1-71
11-->src\main\AndroidManifest.xml:10:18-69
12    <uses-permission android:name="android.permission.INTERNET" />
12-->src\main\AndroidManifest.xml:10:71-132
12-->src\main\AndroidManifest.xml:10:88-130
13    <uses-permission android:name="android.permission.ACCESS_FINE_LOCATION" />
13-->src\main\AndroidManifest.xml:11:1-74
13-->src\main\AndroidManifest.xml:11:18-72
14    <uses-permission android:name="android.permission.ACCESS_NETWORK_STATE" />
14-->src\main\AndroidManifest.xml:12:1-74
14-->src\main\AndroidManifest.xml:12:18-72
15    <uses-permission android:name="android.permission.CAMERA" />
15-->src\main\AndroidManifest.xml:13:1-60
15-->src\main\AndroidManifest.xml:13:18-58
16
17    <uses-feature android:name="android.hardware.camera" />
17-->src\main\AndroidManifest.xml:14:1-55
17-->src\main\AndroidManifest.xml:14:15-53
18    <uses-feature android:name="android.hardware.camera.autofocus" />
18-->src\main\AndroidManifest.xml:15:1-65
18-->src\main\AndroidManifest.xml:15:15-63
19
20    <application
20-->src\main\AndroidManifest.xml:2:5-9:19
21        android:appComponentFactory="androidx.core.app.CoreComponentFactory"
21-->[androidx.core:core:1.3.1] AndroidManifest.xml:24:18-86
22        android:debuggable="true"
23        android:icon="@drawable/ic_launcher"
23-->src\main\AndroidManifest.xml:2:18-54
24        android:label="@string/app_name"
24-->src\main\AndroidManifest.xml:2:55-87
25        android:theme="@style/MWAppTheme" >
25-->src\main\AndroidManifest.xml:2:88-121
26        <activity
26-->src\main\AndroidManifest.xml:3:9-8:20
27            android:name="com.example.Map_Trial.Map_Trial"
27-->src\main\AndroidManifest.xml:3:52-76
28            android:configChanges="orientation|screenSize"
28-->src\main\AndroidManifest.xml:3:123-169
29            android:label="@string/app_name"
29-->src\main\AndroidManifest.xml:3:19-51
30            android:theme="@style/MWAppTheme.NoActionBar" >
30-->src\main\AndroidManifest.xml:3:77-122
31            <intent-filter>
31-->src\main\AndroidManifest.xml:4:13-7:29
32                <action android:name="android.intent.action.MAIN" />
32-->src\main\AndroidManifest.xml:5:17-68
32-->src\main\AndroidManifest.xml:5:25-66
33
34                <category android:name="android.intent.category.LAUNCHER" />
34-->src\main\AndroidManifest.xml:6:17-76
34-->src\main\AndroidManifest.xml:6:27-74
35            </intent-filter>
36        </activity>
37    </application>
38
39</manifest>